<?xml version="1.0" encoding="UTF-8"?>
<!-- Generated by org.testng.reporters.JUnitReportReporter -->
<testsuite skipped="0" hostname="Madesh" name="util.base" tests="1" failures="0" timestamp="25 Nov 2022 00:18:33 GMT" time="4.354" errors="0">
  <testcase name="init" time="4.354" classname="util.base"/>
</testsuite> <!-- util.base -->
