<?xml version="1.0" encoding="UTF-8"?>
<!-- Generated by org.testng.reporters.JUnitReportReporter -->
<testsuite skipped="0" hostname="Madesh" name="Test.test" tests="1" failures="0" timestamp="02 Dec 2022 00:11:37 GMT" time="4.721" errors="0">
  <testcase name="monthsAddDuplicateCategoryTest" time="4.721" classname="Test.test"/>
</testsuite> <!-- Test.test -->
